# JRE version: Java(TM) SE Runtime Environment (8.0_131-b11) (build 1.8.0_131-b11)
# Java VM: Java HotSpot(TM) 64-Bit Server VM (25.131-b11 mixed mode windows-amd64 compressed oops)
Heap:
 PSYoungGen      total 103936K, used 37892K [0x000000076b700000, 0x0000000772700000, 0x00000007c0000000)
  eden space 93184K, 30% used [0x000000076b700000,0x000000076d2515b0,0x0000000771200000)
  from space 10752K, 92% used [0x0000000771200000,0x0000000771bafd50,0x0000000771c80000)
  to   space 9728K, 0% used [0x0000000771d80000,0x0000000771d80000,0x0000000772700000)
 ParOldGen       total 106496K, used 9378K [0x00000006c2400000, 0x00000006c8c00000, 0x000000076b700000)
  object space 106496K, 8% used [0x00000006c2400000,0x00000006c2d288f8,0x00000006c8c00000)
 Metaspace       used 29035K, capacity 29476K, committed 29696K, reserved 1075200K
  class space    used 3482K, capacity 3577K, committed 3584K, reserved 1048576K
GC Heap History (10 events):
Event: 2.337 GC heap before
{Heap before GC invocations=2 (full 0):
 PSYoungGen      total 75776K, used 70941K [0x000000076b700000, 0x0000000770b80000, 0x00000007c0000000)
  eden space 65024K, 99% used [0x000000076b700000,0x000000076f5f5598,0x000000076f680000)
  from space 10752K, 60% used [0x000000076f680000,0x000000076fcd1ee8,0x0000000770100000)
  to   space 10752K, 0% used [0x0000000770100000,0x0000000770100000,0x0000000770b80000)
 ParOldGen       total 173568K, used 8K [0x00000006c2400000, 0x00000006ccd80000, 0x000000076b700000)
  object space 173568K, 0% used [0x00000006c2400000,0x00000006c2402000,0x00000006ccd80000)
 Metaspace       used 17954K, capacity 18288K, committed 18432K, reserved 1064960K
  class space    used 2204K, capacity 2296K, committed 2304K, reserved 1048576K
Event: 2.345 GC heap after
Heap after GC invocations=2 (full 0):
 PSYoungGen      total 75776K, used 9674K [0x000000076b700000, 0x0000000770b80000, 0x00000007c0000000)
  eden space 65024K, 0% used [0x000000076b700000,0x000000076b700000,0x000000076f680000)
  from space 10752K, 89% used [0x0000000770100000,0x0000000770a728e0,0x0000000770b80000)
  to   space 10752K, 0% used [0x000000076f680000,0x000000076f680000,0x0000000770100000)
 ParOldGen       total 173568K, used 80K [0x00000006c2400000, 0x00000006ccd80000, 0x000000076b700000)
  object space 173568K, 0% used [0x00000006c2400000,0x00000006c2414010,0x00000006ccd80000)
 Metaspace       used 17954K, capacity 18288K, committed 18432K, reserved 1064960K
  class space    used 2204K, capacity 2296K, committed 2304K, reserved 1048576K
}
Event: 2.345 GC heap before
{Heap before GC invocations=3 (full 1):
 PSYoungGen      total 75776K, used 9674K [0x000000076b700000, 0x0000000770b80000, 0x00000007c0000000)
  eden space 65024K, 0% used [0x000000076b700000,0x000000076b700000,0x000000076f680000)
  from space 10752K, 89% used [0x0000000770100000,0x0000000770a728e0,0x0000000770b80000)
  to   space 10752K, 0% used [0x000000076f680000,0x000000076f680000,0x0000000770100000)
 ParOldGen       total 173568K, used 80K [0x00000006c2400000, 0x00000006ccd80000, 0x000000076b700000)
  object space 173568K, 0% used [0x00000006c2400000,0x00000006c2414010,0x00000006ccd80000)
 Metaspace       used 17954K, capacity 18288K, committed 18432K, reserved 1064960K
  class space    used 2204K, capacity 2296K, committed 2304K, reserved 1048576K
Event: 2.381 GC heap after
Heap after GC invocations=3 (full 1):
 PSYoungGen      total 75776K, used 0K [0x000000076b700000, 0x0000000770b80000, 0x00000007c0000000)
  eden space 65024K, 0% used [0x000000076b700000,0x000000076b700000,0x000000076f680000)
  from space 10752K, 0% used [0x0000000770100000,0x0000000770100000,0x0000000770b80000)
  to   space 10752K, 0% used [0x000000076f680000,0x000000076f680000,0x0000000770100000)
 ParOldGen       total 106496K, used 9378K [0x00000006c2400000, 0x00000006c8c00000, 0x000000076b700000)
  object space 106496K, 8% used [0x00000006c2400000,0x00000006c2d288f8,0x00000006c8c00000)
 Metaspace       used 17954K, capacity 18288K, committed 18432K, reserved 1064960K
  class space    used 2204K, capacity 2296K, committed 2304K, reserved 1048576K
}
Event: 2.848 GC heap before
{Heap before GC invocations=4 (full 1):
 PSYoungGen      total 75776K, used 65024K [0x000000076b700000, 0x0000000770b80000, 0x00000007c0000000)
  eden space 65024K, 100% used [0x000000076b700000,0x000000076f680000,0x000000076f680000)
  from space 10752K, 0% used [0x0000000770100000,0x0000000770100000,0x0000000770b80000)
  to   space 10752K, 0% used [0x000000076f680000,0x000000076f680000,0x0000000770100000)
 ParOldGen       total 106496K, used 9378K [0x00000006c2400000, 0x00000006c8c00000, 0x000000076b700000)
  object space 106496K, 8% used [0x00000006c2400000,0x00000006c2d288f8,0x00000006c8c00000)
 Metaspace       used 20713K, capacity 21100K, committed 21376K, reserved 1069056K
  class space    used 2557K, capacity 2670K, committed 2688K, reserved 1048576K
Event: 2.851 GC heap after
Heap after GC invocations=4 (full 1):
 PSYoungGen      total 75776K, used 4999K [0x000000076b700000, 0x0000000772800000, 0x00000007c0000000)
  eden space 65024K, 0% used [0x000000076b700000,0x000000076b700000,0x000000076f680000)
  from space 10752K, 46% used [0x000000076f680000,0x000000076fb61dc0,0x0000000770100000)
  to   space 10752K, 0% used [0x0000000771d80000,0x0000000771d80000,0x0000000772800000)
 ParOldGen       total 106496K, used 9378K [0x00000006c2400000, 0x00000006c8c00000, 0x000000076b700000)
  object space 106496K, 8% used [0x00000006c2400000,0x00000006c2d288f8,0x00000006c8c00000)
 Metaspace       used 20713K, capacity 21100K, committed 21376K, reserved 1069056K
  class space    used 2557K, capacity 2670K, committed 2688K, reserved 1048576K
}
Event: 3.302 GC heap before
{Heap before GC invocations=5 (full 1):
 PSYoungGen      total 75776K, used 70023K [0x000000076b700000, 0x0000000772800000, 0x00000007c0000000)
  eden space 65024K, 100% used [0x000000076b700000,0x000000076f680000,0x000000076f680000)
  from space 10752K, 46% used [0x000000076f680000,0x000000076fb61dc0,0x0000000770100000)
  to   space 10752K, 0% used [0x0000000771d80000,0x0000000771d80000,0x0000000772800000)
 ParOldGen       total 106496K, used 9378K [0x00000006c2400000, 0x00000006c8c00000, 0x000000076b700000)
  object space 106496K, 8% used [0x00000006c2400000,0x00000006c2d288f8,0x00000006c8c00000)
 Metaspace       used 23806K, capacity 24144K, committed 24320K, reserved 1071104K
  class space    used 2905K, capacity 2996K, committed 3072K, reserved 1048576K
Event: 3.307 GC heap after
Heap after GC invocations=5 (full 1):
 PSYoungGen      total 102912K, used 6061K [0x000000076b700000, 0x0000000772700000, 0x00000007c0000000)
  eden space 93184K, 0% used [0x000000076b700000,0x000000076b700000,0x0000000771200000)
  from space 9728K, 62% used [0x0000000771d80000,0x000000077236b6b0,0x0000000772700000)
  to   space 10752K, 0% used [0x0000000771200000,0x0000000771200000,0x0000000771c80000)
 ParOldGen       total 106496K, used 9378K [0x00000006c2400000, 0x00000006c8c00000, 0x000000076b700000)
  object space 106496K, 8% used [0x00000006c2400000,0x00000006c2d288f8,0x00000006c8c00000)
 Metaspace       used 23806K, capacity 24144K, committed 24320K, reserved 1071104K
  class space    used 2905K, capacity 2996K, committed 3072K, reserved 1048576K
}
Event: 3.895 GC heap before
{Heap before GC invocations=6 (full 1):
 PSYoungGen      total 102912K, used 99245K [0x000000076b700000, 0x0000000772700000, 0x00000007c0000000)
  eden space 93184K, 100% used [0x000000076b700000,0x0000000771200000,0x0000000771200000)
  from space 9728K, 62% used [0x0000000771d80000,0x000000077236b6b0,0x0000000772700000)
  to   space 10752K, 0% used [0x0000000771200000,0x0000000771200000,0x0000000771c80000)
 ParOldGen       total 106496K, used 9378K [0x00000006c2400000, 0x00000006c8c00000, 0x000000076b700000)
  object space 106496K, 8% used [0x00000006c2400000,0x00000006c2d288f8,0x00000006c8c00000)
 Metaspace       used 27237K, capacity 27652K, committed 28032K, reserved 1073152K
  class space    used 3313K, capacity 3417K, committed 3456K, reserved 1048576K
Event: 3.902 GC heap after
Heap after GC invocations=6 (full 1):
 PSYoungGen      total 103936K, used 9919K [0x000000076b700000, 0x0000000772700000, 0x00000007c0000000)
  eden space 93184K, 0% used [0x000000076b700000,0x000000076b700000,0x0000000771200000)
  from space 10752K, 92% used [0x0000000771200000,0x0000000771bafd50,0x0000000771c80000)
  to   space 9728K, 0% used [0x0000000771d80000,0x0000000771d80000,0x0000000772700000)
 ParOldGen       total 106496K, used 9378K [0x00000006c2400000, 0x00000006c8c00000, 0x000000076b700000)
  object space 106496K, 8% used [0x00000006c2400000,0x00000006c2d288f8,0x00000006c8c00000)
 Metaspace       used 27237K, capacity 27652K, committed 28032K, reserved 1073152K
  class space    used 3313K, capacity 3417K, committed 3456K, reserved 1048576K
}

